<?xml version="1.0" encoding="UTF-8"?>
<!-- Generated by org.testng.reporters.JUnitReportReporter -->
<testsuite hostname="DESKTOP-C2Q6JB7" failures="0" tests="1" name="flightQEdge.testCases.UserChangePassword" time="8.606" errors="0" timestamp="09 Feb 2024 12:48:19 GMT" skipped="0">
  <testcase classname="flightQEdge.testCases.UserChangePassword" name="chgPwd" time="8.606"/>
</testsuite> <!-- flightQEdge.testCases.UserChangePassword -->
