<?xml version="1.0" encoding="UTF-8"?>
<!-- Generated by org.testng.reporters.JUnitReportReporter -->
<testsuite hostname="DESKTOP-C2Q6JB7" failures="0" tests="1" name="flightQEdge.testCases.UserLoginWithValidInputs" time="4.854" errors="0" timestamp="14 Feb 2024 18:37:51 GMT" skipped="0">
  <testcase classname="flightQEdge.testCases.UserLoginWithValidInputs" name="userLogin" time="4.854"/>
</testsuite> <!-- flightQEdge.testCases.UserLoginWithValidInputs -->
