<?xml version="1.0" encoding="UTF-8"?>
<!-- Generated by org.testng.reporters.JUnitReportReporter -->
<testsuite hostname="DESKTOP-C2Q6JB7" failures="0" tests="1" name="flightQEdge.testCases.NewUserRegistration" time="3.685" errors="0" timestamp="09 Feb 2024 11:39:16 GMT" skipped="0">
  <testcase classname="flightQEdge.testCases.NewUserRegistration" name="userReg" time="3.685"/>
</testsuite> <!-- flightQEdge.testCases.NewUserRegistration -->
